C51 COMPILER V9.01   MAIN                                                                  04/15/2017 09:38:06 PAGE 1   


C51 COMPILER V9.01, COMPILATION OF MODULE MAIN
OBJECT MODULE PLACED IN main.OBJ
COMPILER INVOKED BY: D:\keil\C51\BIN\C51.EXE main.c BROWSE DEBUG OBJECTEXTEND

line level    source

   1          #include "reg51.h"       //包含头文件
   2          
   3          sbit LE1=P2^0;           
   4          sbit LE2=P2^1; 
   5          unsigned char wei, i;
   6          
   7          unsigned char code dis[16]={0x3F,0x06,0x5B,0x4F,0x66,0x6D,0x7D,0x07,
   8                             //  0    1    2    3    4    5    6    7    
   9                               0x7F,0x6F,0x77,0x7C,0x39,0x5E,0x79,0x71};//0~F的段码
  10                             //  8    9    A    B    C    D    E    F            
  11          
  12          void Dislay(void)
  13          {
  14   1               P1=~wei;                 //由于共阴，低电平来选通某1位，所以需取反
  15   1           LE1=1;                   //锁存位
  16   1           LE1=0;                   //断开锁存,位选573的Q7~Q0仍保持 
  17   1           wei<<=i;                 //左移一位 
  18   1      
  19   1           P1=dis[i];               //0~7的编码
  20   1           LE2=1;                   //锁存段码
  21   1           LE2=0;                   //断开锁存,段选573的Q7~Q0仍保持
  22   1           i++;                     //i加1
  23   1           
  24   1           if(i>=8){i=0;wei=0x01;}  //共8位,扫描到第8位时，重新扫描
  25   1      }
  26          
  27          void Init_Timer(void)
  28          {
  29   1              
  30   1              TMOD = 0x01;
  31   1      
  32   1              TH0 = 0xf8;
  33   1              TL0 = 0x2f;
  34   1      
  35   1              TR0 = 1;
  36   1              ET0 = 1;
  37   1      
  38   1              EA = 1;
  39   1      
  40   1      }
  41          
  42          void Timer0(void) interrupt 1
  43          {
  44   1              
  45   1              TH0 = 0xf8;
  46   1              TL0 = 0x2f;
  47   1              
  48   1              Dislay();       
  49   1                      
  50   1      }
  51          
  52          main()
  53          {
  54   1              Init_Timer();
  55   1      
C51 COMPILER V9.01   MAIN                                                                  04/15/2017 09:38:06 PAGE 2   

  56   1              while(1);
  57   1      }
  58          
  59          
  60          
  61          
  62          
  63          
  64          


MODULE INFORMATION:   STATIC OVERLAYABLE
   CODE SIZE        =    110    ----
   CONSTANT SIZE    =     16    ----
   XDATA SIZE       =   ----    ----
   PDATA SIZE       =   ----    ----
   DATA SIZE        =      2    ----
   IDATA SIZE       =   ----    ----
   BIT SIZE         =   ----    ----
END OF MODULE INFORMATION.


C51 COMPILATION COMPLETE.  0 WARNING(S),  0 ERROR(S)
