C51 COMPILER V7.06   MAIN                                                                  07/28/2012 10:09:18 PAGE 1   


C51 COMPILER V7.06, COMPILATION OF MODULE MAIN
OBJECT MODULE PLACED IN main.OBJ
COMPILER INVOKED BY: C:\Keil\C51\BIN\C51.EXE main.c BROWSE DEBUG OBJECTEXTEND

stmt level    source

   1          /***************************************************************************************************    
   2          工程名称：      12864
   3          功能描述：  实现12864液晶显示，液晶第一行显示"  北方蓝芯科技  "，第二行显示" www.hrbnbc.com "
   4                                         
   5          硬件连接：  将12864液晶接口对应插接到P2接口，注意1-20脚不要插反。
   6          维护记录：  2011-8-22
   7          ***************************************************************************************************/
   8          #include "reg51.h"          //包含头文件
   9          #define uchar unsigned char
  10          #define uint  unsigned int
  11          
  12          sbit RS=P2^5;    //命令/数据选择
  13          sbit RW=P2^4;    //读写口
  14          sbit  E=P2^3;    //锁存控制
  15          sbit RES = P2^0; //复位
  16          sbit PSB = P2^2; //串并选择
  17          //**************************************************************************************************
  18          //延时函数
  19          //**************************************************************************************************
  20          delay(uint time)         //int型数据为16位,所以最大值为65535            
  21           {
  22   1        uint  i,j;             //定义变量i,j,用于循环语句 
  23   1        for(i=0;i<time;i++)    //for循环,循环50*time次
  24   1           for(j=0;j<100;j++); //for循环,循环50次
  25   1       }
  26          //**************************************************************************************************
  27          //查忙
  28          //**************************************************************************************************
  29          checkbusy()           
  30          {
  31   1         RS=0;                   //命令/数据选择,为0时选择命令    
  32   1         RW=1;                   //读/写选择，为1时选择读
  33   1         E=1;                    //使能
  34   1         while((P0&0x80)==0x80); //查忙标志位，等待标志位为0，即表示写入完毕
  35   1         E=0;                    //关闭读写 
  36   1      }
  37          //**************************************************************************************************
  38          //向LCD写一命令
  39          //**************************************************************************************************
  40          wcode(uchar cmdcode)
  41          {
  42   1         checkbusy();            //查忙
  43   1         RS=0;                   //命令/数据选择,为0时选择命令 
  44   1         RW=0;                   //读/写选择，为0时选择写
  45   1         E=1;                    //使能
  46   1         P0=cmdcode;             //送入命令
  47   1         delay(10);              //等待写入 
  48   1         E=0;                    //关闭读写
  49   1      }
  50          //**************************************************************************************************
  51          //向LCD写一数据
  52          //**************************************************************************************************
  53          wdata(uchar dispdata)
  54          {
  55   1         checkbusy();            //查忙
C51 COMPILER V7.06   MAIN                                                                  07/28/2012 10:09:18 PAGE 2   

  56   1         RS=1;                   //命令/数据选择,为1时选择数据
  57   1         RW=0;                   //读/写选择，为0时选择写
  58   1         E=1;                    //使能
  59   1         P0=dispdata;            //送入数据
  60   1         delay(10);              //等待写入 
  61   1         E=0;                    //关闭读写
  62   1      }
  63          //**************************************************************************************************
  64          //LCD 初始化
  65          //**************************************************************************************************
  66          InitLCD()
  67             {
  68   1         PSB=1;             //设置为8BIT并口工作模式
  69   1         RES=0;             //复位
  70   1         delay(10);         //延时
  71   1         RES=1;             //关复位 
  72   1         wcode(0x30);       //选择基本指令集
  73   1         wcode(0x0c);       //开显示(无游标、不反白)
  74   1         wcode(0x01);       //清除显示，并且设定地址指针为00H
  75   1         wcode(0x06);       //指定在资料的读取及写入时，设定游标的移动方向及指定显示的移位    
  76   1         }  
  77          //**************************************************************************************************
  78          //任意位置显示字符串
  79          //**************************************************************************************************
  80          void dis(uchar x,uchar y,uchar code *s)   
  81          {                                     //x为横坐标，y位纵坐标，*s表示指针，为数据的首地址
  82   1       switch(y)                            //选择纵坐标            
  83   1           { 
  84   2                case 0: wcode(0x80+x);break;    //第1行
  85   2                case 1: wcode(0x90+x);break;    //第2行
  86   2                case 2: wcode(0x88+x);break;    //第3行
  87   2                case 3: wcode(0x98+x);break;    //第4行
  88   2            default:break;
  89   2               }
  90   1         while(*s>0)                        //写入数据，直到数据为空
  91   1           {  
  92   2            wdata(*s);                      //写数据
  93   2            delay(10);                      //等待写入
  94   2            s++;                            //下一字符
  95   2           }
  96   1      }
  97          //**************************************************************************************************
  98          //主函数
  99          //**************************************************************************************************
 100          main()
 101          {  
 102   1         InitLCD();                        //初始化液晶
 103   1         while(1)                          //进入死循环，防止看门狗复位
 104   1          {
 105   2           dis(0,0,"  合肥炜煌电子  ");    //显示第1行
 106   2           dis(0,1," www.hfwhdz.com ");    //显示第2行
 107   2           delay(5000);                    //保持显示一段时间
 108   2           wcode(0x01);                    //清屏
 109   2          }
 110   1      }


MODULE INFORMATION:   STATIC OVERLAYABLE
   CODE SIZE        =    218    ----
   CONSTANT SIZE    =     34    ----
   XDATA SIZE       =   ----    ----
   PDATA SIZE       =   ----    ----
C51 COMPILER V7.06   MAIN                                                                  07/28/2012 10:09:18 PAGE 3   

   DATA SIZE        =   ----       2
   IDATA SIZE       =   ----    ----
   BIT SIZE         =   ----    ----
END OF MODULE INFORMATION.


C51 COMPILATION COMPLETE.  0 WARNING(S),  0 ERROR(S)
