C51 COMPILER V7.06   MAIN                                                                  10/10/2014 16:59:34 PAGE 1   


C51 COMPILER V7.06, COMPILATION OF MODULE MAIN
OBJECT MODULE PLACED IN main.OBJ
COMPILER INVOKED BY: C:\Keil\C51\BIN\C51.EXE main.c BROWSE DEBUG OBJECTEXTEND

stmt level    source

   1          /***************************************************************************************************    
   2          工程名称：      stepmt_4
   3          功能描述：  单四拍(A→B→C→D→A)方式驱动步进电机，实现电机正转。
   4          硬件连接：  用4位杜邦线连接J11_0，J11_1，J11_2，J11_3和J18_A,J18_B,J18_C,J18_D,将步进电机连接到JP8
   5          维护记录：  2011-8-22
   6          ***************************************************************************************************/
   7          #include "reg51.h"       //包含头文件
   8          
   9          sbit S_A=P2^0;           //定义步进电机A相
  10          sbit S_B=P2^1;           //定义步进电机B相
  11          sbit S_C=P2^2;           //定义步进电机C相
  12          sbit S_D=P2^3;           //定义步进电机D相
  13          
  14          #define uchar unsigned char
  15          #define uint  unsigned int
  16           
  17          uchar num;               //记录定时中断次数
  18          uchar speed;             //电机转速
  19          //**************************************************************************************************
  20          //延时函数大约0.1ms
  21          //**************************************************************************************************
  22          delay(uint time)         //int型数据为16位,所以最大值为65535            
  23           {
  24   1        uint  i,j;             //定义变量i,j,用于循环语句 
  25   1        for(i=0;i<time;i++)    //for循环,循环50*time次
  26   1           for(j=0;j<50;j++);  //for循环,循环50次
  27   1       }
  28          
  29          //**************************************************************************************************
  30          //主函数
  31          //**************************************************************************************************
  32          main()
  33          { 
  34   1         uint h,i,j;             //定义变量                      
  35   1        
  36   1          while(1)               //死循环    
  37   1           {  
  38   2            h=512;               //循环512次，为360度
  39   2            while(h--)           //h递减至0时，循环结束
  40   2              {
  41   3                j=0x08;          //j低4位0 0 0 1
  42   3                for(i=0;i<4;i++) //循环4次，
  43   3                 {
  44   4                   P2=j;         //i为0时，等效于S_D=0,S_C=0,S_B=0,S_A=0
  45   4                   delay(500);    //延时，修改此参数即可修改电机转速
  46   4                   j>>=1;        //左移1位，实现单四拍(A→B→C→D→A)方式
  47   4                 }
  48   3               }
  49   2            
  50   2            }
  51   1           
  52   1      }


MODULE INFORMATION:   STATIC OVERLAYABLE
C51 COMPILER V7.06   MAIN                                                                  10/10/2014 16:59:34 PAGE 2   

   CODE SIZE        =     97    ----
   CONSTANT SIZE    =   ----    ----
   XDATA SIZE       =   ----    ----
   PDATA SIZE       =   ----    ----
   DATA SIZE        =      2       4
   IDATA SIZE       =   ----    ----
   BIT SIZE         =   ----    ----
END OF MODULE INFORMATION.


C51 COMPILATION COMPLETE.  0 WARNING(S),  0 ERROR(S)
