C51 COMPILER V7.06   MAIN                                                                  07/28/2012 15:55:31 PAGE 1   


C51 COMPILER V7.06, COMPILATION OF MODULE MAIN
OBJECT MODULE PLACED IN main.OBJ
COMPILER INVOKED BY: C:\Keil\C51\BIN\C51.EXE main.c BROWSE DEBUG OBJECTEXTEND

stmt level    source

   1          
   2          /***************************************************************************************************    
   3          工程名称：      bz
   4          功能描述：      控制蜂鸣器使之发出鸣叫声 
   5          硬件连接：  用1位杜邦线将J10_0与J18_bz连接
   6          维护记录：  2011-8-22
   7          ***************************************************************************************************/
   8          #include "reg51.h"       //包含头文件
   9          
  10          sbit bz=P0^0;            //定义蜂鸣器控制IO
  11          
  12          #define uchar unsigned char
  13          #define uint  unsigned int
  14          
  15          //**************************************************************************************************
  16          //延时函数
  17          //**************************************************************************************************
  18          delay(uint time)              //int型数据为16位,所以最大值为65535            
  19           {
  20   1        uint  i,j;                  //定义变量i,j,用于循环语句 
  21   1        for(i=0;i<time;i++)         //for循环,循环50*time次
  22   1           for(j=0;j<50;j++);       //for循环,循环50次
  23   1       }
  24          
  25          //**************************************************************************************************
  26          //主函数
  27          //**************************************************************************************************
  28          void main()                   //主函数
  29          {
  30   1           
  31   1           while(1)                 //进入while死循环
  32   1            {
  33   2              bz=0;                 //关闭蜂鸣器
  34   2              delay(1000);          //延时
  35   2              bz=1;                 //打开蜂鸣器
  36   2              delay(1000);          //延时
  37   2            }         
  38   1      }


MODULE INFORMATION:   STATIC OVERLAYABLE
   CODE SIZE        =     48    ----
   CONSTANT SIZE    =   ----    ----
   XDATA SIZE       =   ----    ----
   PDATA SIZE       =   ----    ----
   DATA SIZE        =   ----    ----
   IDATA SIZE       =   ----    ----
   BIT SIZE         =   ----    ----
END OF MODULE INFORMATION.


C51 COMPILATION COMPLETE.  0 WARNING(S),  0 ERROR(S)
