C51 COMPILER V9.01   MAIN                                                                  07/28/2015 09:25:21 PAGE 1   


C51 COMPILER V9.01, COMPILATION OF MODULE MAIN
OBJECT MODULE PLACED IN main.OBJ
COMPILER INVOKED BY: C:\Keil\C51\BIN\C51.EXE main.c BROWSE DEBUG OBJECTEXTEND

line level    source

   1          
   2          /***************************************************************************************************    
   3          工程名称：      led_shan
   4          功能描述：      使用单片机的P1口做输出口，使8位发光二极管实现由亮逐渐变暗和由暗逐渐变亮
   5          硬件连接：  用8位排线将J8与J13连接
   6          维护记录：  2011-8-22
   7          ***************************************************************************************************/
   8          #include "reg51.h"       //包含头文件
   9          
  10          #define uchar unsigned char
  11          #define uint  unsigned int
  12          //**************************************************************************************************
  13          //延时函数
  14          //**************************************************************************************************
  15          
  16          void delay(uint time)         //int型数据为16位,所以最大值为65535            
  17           {
  18   1        uint  i,j;             //定义变量i,j,用于循环语句 
  19   1        for(i=0;i<time;i++)    //for循环,循环50*time次
  20   1           for(j=0;j<50;j++);  //for循环,循环50次
  21   1       }
  22          //**************************************************************************************************
  23          //主函数
  24          //**************************************************************************************************
  25          void main()               //主函数
  26          { 
  27   1       uint i;                   //定义变亮i
  28   1       while(1)                 //进入while死循环
  29   1        {
  30   2           for(i=0;i<200;i++)   //for循环，实现LED由亮逐渐变暗
  31   2            {
  32   3             P1=0xff;           //熄灭8位发光二极管
  33   3             delay(i);          //延时保持熄灭状态i个时间单位
  34   3             P1=0x00;           //点亮8位发光二极管
  35   3             delay(200-i);      //延时保持点亮状态200-i个时间单位  
  36   3            }
  37   2      
  38   2         P1=0xff;                //熄灭8位发光二极管
  39   2         delay(5000);            //延时保持熄灭状态5000个时间单位，使现象更明显
  40   2      
  41   2           for(i=0;i<200;i++)   //for循环，实现LED由暗逐渐变亮
  42   2            {
  43   3             P1=0x00;           //点亮8位发光二极管
  44   3             delay(i);          //延时保持熄灭状态i个时间单位
  45   3             P1=0xff;           //熄灭8位发光二极管
  46   3             delay(200-i);      //延时保持点亮状态200-i个时间单位  
  47   3            }
  48   2        }         
  49   1      }


MODULE INFORMATION:   STATIC OVERLAYABLE
   CODE SIZE        =    115    ----
   CONSTANT SIZE    =   ----    ----
   XDATA SIZE       =   ----    ----
C51 COMPILER V9.01   MAIN                                                                  07/28/2015 09:25:21 PAGE 2   

   PDATA SIZE       =   ----    ----
   DATA SIZE        =   ----    ----
   IDATA SIZE       =   ----    ----
   BIT SIZE         =   ----    ----
END OF MODULE INFORMATION.


C51 COMPILATION COMPLETE.  0 WARNING(S),  0 ERROR(S)
