C51 COMPILER V9.01   MAIN                                                                  04/19/2019 19:53:22 PAGE 1   


C51 COMPILER V9.01, COMPILATION OF MODULE MAIN
OBJECT MODULE PLACED IN main.OBJ
COMPILER INVOKED BY: C:\Keil\C51\BIN\C51.EXE main.c BROWSE DEBUG OBJECTEXTEND

line level    source

   1          
   2          /***************************************************************************************************    
   3          工程名称：      led_liushui
   4          功能描述：      使用单片机的P1口做输出口，用8位发光二极管实现流水灯。
   5          硬件连接：  用8位排线将J8与J13连接
   6          维护记录：  2011-8-22
   7          ***************************************************************************************************/
   8          #include "reg51.h"       //包含头文件
   9          sbit led=P1^5;           //表示用led等效于P1^5, P1^0就是指头文件里定义的P1寄存器的第5BIT
  10          
  11          #define uchar unsigned char
  12          #define uint  unsigned int
  13          //**************************************************************************************************
  14          //延时函数
  15          //**************************************************************************************************
  16          
  17          delay(uint time)         //int型数据为16位,所以最大值为65535            
  18           {
  19   1        uint  i,j;             //定义变量i,j,用于循环语句 
  20   1        for(i=0;i<time;i++)    //for循环,循环50*time次
  21   1           for(j=0;j<50;j++);  //for循环,循环50次
  22   1       }
  23          //**************************************************************************************************
  24          //主函数
  25          //**************************************************************************************************
  26          void main()             //主函数
  27          {
  28   1       uchar  i,j;            //定义变量i,j;
  29   1       while(1)               //进入while死循环
  30   1        {                     
  31   2         j=0x01;              //0x01即为二进制0000 0001,即最低位为1,其他位为0
  32   2         for(i=0;i<8;i++)     //进入for循环,循环8次
  33   2           {
  34   3            P1=~j;            //依次循环点亮8位LED的1位
  35   3            delay(5000);      //延时，修改延时即可修改时间间隔 
  36   3            j<<=1;            //j左移1位，j<<=1等效于j=j<<1
  37   3           }        
  38   2        }         
  39   1      }
*** WARNING C290 IN LINE 22 OF MAIN.C: missing return value


MODULE INFORMATION:   STATIC OVERLAYABLE
   CODE SIZE        =     61    ----
   CONSTANT SIZE    =   ----    ----
   XDATA SIZE       =   ----    ----
   PDATA SIZE       =   ----    ----
   DATA SIZE        =   ----       1
   IDATA SIZE       =   ----    ----
   BIT SIZE         =   ----    ----
END OF MODULE INFORMATION.


C51 COMPILATION COMPLETE.  1 WARNING(S),  0 ERROR(S)
