C51 COMPILER V7.06   MAIN                                                                  07/28/2012 10:21:42 PAGE 1   


C51 COMPILER V7.06, COMPILATION OF MODULE MAIN
OBJECT MODULE PLACED IN main.OBJ
COMPILER INVOKED BY: C:\Keil\C51\BIN\C51.EXE main.c BROWSE DEBUG OBJECTEXTEND

stmt level    source

   1          /***************************************************************************************************    
   2          工程名称：      HC595_led
   3          功能描述：      数据通过138译码输出，驱动8位发光二极管实现流水灯。
   4          硬件连接：  用8位线将J13与J20连接，4位线分别将J8_0与J21_A、J8_1与J21_B、J8_2与J21_C、J8_3与J21_EN连接
   5          维护记录：  2011-8-22
   6          ***************************************************************************************************/
   7          #include "reg51.h"       //包含头文件
   8          sbit HC138_A=P1^0;       //表示用SH_CP等效于P1^5, P1^0就是指头文件里定义的P1寄存器的第5BIT
   9          sbit HC138_B=P1^1;        
  10          sbit HC138_C=P1^2; 
  11          sbit HC138_EN=P1^3;        
  12          
  13          #define uchar unsigned char
  14          #define uint  unsigned int
  15          //**************************************************************************************************
  16          //延时函数
  17          //**************************************************************************************************
  18          delay(uint time)         //int型数据为16位,所以最大值为65535            
  19           {
  20   1        uint  i,j;             //定义变量i,j,用于循环语句 
  21   1        for(i=0;i<time;i++)    //for循环,循环50*time次
  22   1           for(j=0;j<50;j++);  //for循环,循环50次
  23   1       }
  24          //**************************************************************************************************
  25          //主函数
  26          //**************************************************************************************************
  27          void main()             //主函数
  28          {
  29   1       uchar  i,j;            //定义变量i,j;
  30   1       while(1)               //进入while死循环
  31   1        {                     
  32   2         j=0x01;              //0x01即为二进制0000 0001,即最低位为1,其他位为0
  33   2         for(i=0;i<8;i++)     //进入for循环,循环8次
  34   2           {
  35   3            P1=i;             //i变化从0-7，依次赋给P1的低3位HC138_A、HC138_B、HC138_C，实现LED逐位点亮
  36   3            HC138_EN=1;       //HC138_EN置高，译码数据
  37   3            delay(5000);      //延时，修改延时即可修改时间间隔 
  38   3           }    
  39   2        }         
  40   1      }


MODULE INFORMATION:   STATIC OVERLAYABLE
   CODE SIZE        =     54    ----
   CONSTANT SIZE    =   ----    ----
   XDATA SIZE       =   ----    ----
   PDATA SIZE       =   ----    ----
   DATA SIZE        =   ----       1
   IDATA SIZE       =   ----    ----
   BIT SIZE         =   ----    ----
END OF MODULE INFORMATION.


C51 COMPILATION COMPLETE.  0 WARNING(S),  0 ERROR(S)
