C51 COMPILER V7.06   MAIN                                                                  07/28/2012 10:26:23 PAGE 1   


C51 COMPILER V7.06, COMPILATION OF MODULE MAIN
OBJECT MODULE PLACED IN main.OBJ
COMPILER INVOKED BY: C:\Keil\C51\BIN\C51.EXE main.c BROWSE DEBUG OBJECTEXTEND

stmt level    source

   1          /***************************************************************************************************    
   2          工程名称：      stepmt_8
   3          功能描述：  单、双八拍(A→AB→B→BC→C→CD→D→DA→A)方式驱动步进电机，实现电机正转。
   4          硬件连接：  用4位杜邦线连接J11_0，J11_1，J11_2，J11_3和J18_A,J18_B,J18_C,J18_D,将步进电机连接到JP8
   5          维护记录：  2011-8-22
   6          ***************************************************************************************************/
   7          #include "reg51.h"       //包含头文件
   8          
   9          sbit S_A=P2^0;           //定义步进电机A相
  10          sbit S_B=P2^1;           //定义步进电机B相
  11          sbit S_C=P2^2;           //定义步进电机C相
  12          sbit S_D=P2^3;           //定义步进电机D相
  13          
  14          #define uchar unsigned char
  15          #define uint  unsigned int
  16           
  17          uchar speed;             //电机转速
  18          //**************************************************************************************************
  19          //延时函数大约0.1ms
  20          //**************************************************************************************************
  21          delay(uint time)         //int型数据为16位,所以最大值为65535            
  22           {
  23   1        uint  i,j;             //定义变量i,j,用于循环语句 
  24   1        for(i=0;i<time;i++)    //for循环,循环50*time次
  25   1           for(j=0;j<50;j++);  //for循环,循环50次
  26   1       }
  27          
  28          //**************************************************************************************************
  29          //主函数
  30          //**************************************************************************************************
  31          main()
  32          { 
  33   1          uint h,speed;          //定义变量                      
  34   1          speed=20;              //初始化速度
  35   1          while(1)               //死循环    
  36   1           {  
  37   2            h=512;               //循环512次，为360度
  38   2            while(h--)           //h递减至0时，循环结束
  39   2              {
  40   3                   
  41   3                   P2=0x01;      //等效于S_D=0,S_C=0,S_B=0,S_A=1
  42   3                   delay(speed); //延时，修改此参数即可修改电机转速
  43   3                   P2=0x03;      //等效于S_D=0,S_C=0,S_B=1,S_A=1
  44   3                   delay(speed); 
  45   3                   P2=0x02;      //i等效于S_D=0,S_C=0,S_B=1,S_A=0
  46   3                   delay(speed); 
  47   3                   P2=0x06;      //等效于S_D=0,S_C=1,S_B=1,S_A=0
  48   3                   delay(speed); 
  49   3                   P2=0x04;      //等效于S_D=0,S_C=1,S_B=0,S_A=0
  50   3                   delay(speed); 
  51   3                   P2=0x0c;      //等效于S_D=1,S_C=1,S_B=0,S_A=0
  52   3                   delay(speed); 
  53   3                   P2=0x08;      //等效于S_D=1,S_C=0,S_B=0,S_A=0
  54   3                   delay(speed); 
  55   3                   P2=0x09;      //等效于S_D=1,S_C=0,S_B=0,S_A=1
C51 COMPILER V7.06   MAIN                                                                  07/28/2012 10:26:23 PAGE 2   

  56   3                   delay(speed); 
  57   3               }
  58   2            
  59   2            }     
  60   1      }


MODULE INFORMATION:   STATIC OVERLAYABLE
   CODE SIZE        =    108    ----
   CONSTANT SIZE    =   ----    ----
   XDATA SIZE       =   ----    ----
   PDATA SIZE       =   ----    ----
   DATA SIZE        =      1       2
   IDATA SIZE       =   ----    ----
   BIT SIZE         =   ----    ----
END OF MODULE INFORMATION.


C51 COMPILATION COMPLETE.  0 WARNING(S),  0 ERROR(S)
