C51 COMPILER V7.06   MAIN                                                                  07/28/2012 15:57:39 PAGE 1   


C51 COMPILER V7.06, COMPILATION OF MODULE MAIN
OBJECT MODULE PLACED IN main.OBJ
COMPILER INVOKED BY: C:\Keil\C51\BIN\C51.EXE main.c BROWSE DEBUG OBJECTEXTEND

stmt level    source

   1          
   2          /***************************************************************************************************    
   3          工程名称：      key_s17
   4          功能描述：      S17按键控制蜂鸣器，如果按键按下，打开蜂鸣器,使之发出鸣叫声,如果没有按下,关闭蜂鸣器
   5          硬件连接：  用1位杜邦线将J9_7与J7_S17连接，用1位杜邦线将J13_0与J18_BZ连接。
   6          维护记录：  2011-8-22
   7          ***************************************************************************************************/
   8          #include "reg51.h"       //包含头文件
   9          
  10          sbit bz=P0^0;            //定义蜂鸣器控制IO
  11          sbit s17=P3^7;           //定义S17按键控制IO
  12          
  13          #define uchar unsigned char
  14          #define uint  unsigned int
  15          
  16          //**************************************************************************************************
  17          //主函数
  18          //**************************************************************************************************
  19          void main()                   //主函数
  20          {
  21   1           bz=0;                    //关闭蜂鸣器,由于初始化IO为高电平，所以先将其关闭
  22   1           while(1)                 //进入while死循环
  23   1            {
  24   2              if(s17==0)bz=1;       //判断按键是否按下，如果按下，打开蜂鸣器
  25   2                else    bz=0;       //如果没有按下,关闭蜂鸣器
  26   2            }         
  27   1      }


MODULE INFORMATION:   STATIC OVERLAYABLE
   CODE SIZE        =     13    ----
   CONSTANT SIZE    =   ----    ----
   XDATA SIZE       =   ----    ----
   PDATA SIZE       =   ----    ----
   DATA SIZE        =   ----    ----
   IDATA SIZE       =   ----    ----
   BIT SIZE         =   ----    ----
END OF MODULE INFORMATION.


C51 COMPILATION COMPLETE.  0 WARNING(S),  0 ERROR(S)
