C51 COMPILER V9.01   MAIN                                                                  04/19/2019 19:47:27 PAGE 1   


C51 COMPILER V9.01, COMPILATION OF MODULE MAIN
OBJECT MODULE PLACED IN main.OBJ
COMPILER INVOKED BY: C:\Keil\C51\BIN\C51.EXE main.c BROWSE DEBUG OBJECTEXTEND

line level    source

   1          //公司：北方蓝芯科技开发有限公司
   2          //网址：www.hrbnbc.com
   3          //更多教程可登陆技术论坛www.hrbnbc.com/bbs对应版块下载，
   4          //所有教程一律免费下载
   5          /***************************************************************************************************    
   6          工程名称：      8led
   7          功能描述：      使用单片机的P1口做输出口，依次全部点亮8位发光二极管。
   8          硬件连接：  用8位排线将J8与J13连接
   9          维护记录：  2011-8-22
  10          ***************************************************************************************************/
  11          #include "reg51.h"       //包含头文件
  12          sbit led=P1^5;           //表示用led等效于P1^5, P1^0就是指头文件里定义的P1寄存器的第5BIT
  13          
  14          #define uchar unsigned char
  15          #define uint  unsigned int
  16          //**************************************************************************************************
  17          //延时函数
  18          //**************************************************************************************************
  19          
  20          delay(uint time)         //int型数据为16位,所以最大值为65535            
  21           {
  22   1        uint  i,j;             //定义变量i,j,用于循环语句 
  23   1        for(i=0;i<time;i++)    //for循环,循环50*time次
  24   1           for(j=0;j<50;j++);  //for循环,循环50次
  25   1       }
  26          //**************************************************************************************************
  27          //主函数
  28          //**************************************************************************************************
  29          void main()             //主函数
  30          {
  31   1       uchar  i,j;            //定义变量i,j;
  32   1       while(1)               //进入while死循环
  33   1        {                     
  34   2         j=0xfc;              //0xfe即为二进制1111 1110,即最低位为0,其他位为1
  35   2         for(i=0;i<8;i++)     //进入for循环,循环8次
  36   2           {
  37   3            P1=j;             //依次点亮8位LED
  38   3            delay(5000);      //延时，修改延时即可修改时间间隔 
  39   3            j<<=1;            //j左移1位，j<<=1等效于j=j<<1
  40   3           }        
  41   2        }         
  42   1      }
*** WARNING C290 IN LINE 25 OF MAIN.C: missing return value


MODULE INFORMATION:   STATIC OVERLAYABLE
   CODE SIZE        =     59    ----
   CONSTANT SIZE    =   ----    ----
   XDATA SIZE       =   ----    ----
   PDATA SIZE       =   ----    ----
   DATA SIZE        =   ----       1
   IDATA SIZE       =   ----    ----
   BIT SIZE         =   ----    ----
END OF MODULE INFORMATION.


C51 COMPILATION COMPLETE.  1 WARNING(S),  0 ERROR(S)
