C51 COMPILER V9.01   SMG                                                                   04/15/2017 15:10:04 PAGE 1   


C51 COMPILER V9.01, COMPILATION OF MODULE SMG
OBJECT MODULE PLACED IN smg.OBJ
COMPILER INVOKED BY: d:\Keil\C51\BIN\C51.EXE smg.c BROWSE DEBUG OBJECTEXTEND

line level    source

   1          #include "smg.h"       //包含头文件
   2          
   3          uchar code dis[17]={0x3F,0x06,0x5B,0x4F,0x66,0x6D,0x7D,0x07,
   4                             //  0    1    2    3    4    5    6    7    
   5                               0x7F,0x6F,0x77,0x7C,0x39,0x5E,0x79,0x71,0x00};  //0~F的段码
   6                             //  8    9    A    B    C    D    E    F  
   7          char dspcom,dspbuf[8]={0,1,2,3,4,5,6,7};
   8          
   9          
  10          void display(void)
  11          {        
  12   1              P0=(~(0x80>>(dspcom))); 
  13   1              LE1=1;                   //锁存位
  14   1              LE1=0;                   //断开锁存,位选573的Q7~Q0仍保持 
  15   1      
  16   1              P0=dis[dspbuf[dspcom]];
  17   1              LE2=1;                   //锁存段码
  18   1              LE2=0;
  19   1               ++dspcom;
  20   1              if(dspcom>=8)dspcom=0; 
  21   1      
  22   1      }  


MODULE INFORMATION:   STATIC OVERLAYABLE
   CODE SIZE        =     64    ----
   CONSTANT SIZE    =     17    ----
   XDATA SIZE       =   ----    ----
   PDATA SIZE       =   ----    ----
   DATA SIZE        =      9    ----
   IDATA SIZE       =   ----    ----
   BIT SIZE         =   ----    ----
END OF MODULE INFORMATION.


C51 COMPILATION COMPLETE.  0 WARNING(S),  0 ERROR(S)
