C51 COMPILER V7.06   MAIN                                                                  07/28/2012 15:55:17 PAGE 1   


C51 COMPILER V7.06, COMPILATION OF MODULE MAIN
OBJECT MODULE PLACED IN main.OBJ
COMPILER INVOKED BY: C:\Keil\C51\BIN\C51.EXE main.c BROWSE DEBUG OBJECTEXTEND

stmt level    source

   1          
   2          /***************************************************************************************************    
   3          工程名称：      smg_0.1~9.9
   4          功能描述：      控制数码管低2位显示从0.1到9.9累加，步进为0.1 
   5          硬件连接：  用8位杜邦线将J8与J12连接，2位杜邦线分别将J11_0与J15_DS1、J11_1与J15_DS2连接。
   6          维护记录：  2011-8-22
   7          ***************************************************************************************************/
   8          #include "reg51.h"       //包含头文件
   9          
  10          sbit LE1=P2^0;           //位选573锁存器使能
  11          sbit LE2=P2^1;           //段选573锁存器使能
  12          
  13          
  14          #define uchar unsigned char
  15          #define uint  unsigned int
  16          
  17          uchar wei;
  18          float num;
  19          
  20          uchar code dis[16]={0x3F,0x06,0x5B,0x4F,0x66,0x6D,0x7D,0x07,
  21                             //  0    1    2    3    4    5    6    7    
  22                               0x7F,0x6F,0x77,0x7C,0x39,0x5E,0x79,0x71};//0~F的段码
  23                             //  8    9    A    B    C    D    E    F  
  24          
  25          
  26          //**************************************************************************************************
  27          //延时函数
  28          //**************************************************************************************************
  29          delay(uint time)              //int型数据为16位,所以最大值为65535            
  30           {
  31   1        uint  i,j;                  //定义变量i,j,用于循环语句 
  32   1        for(i=0;i<time;i++)         //for循环,循环50*time次
  33   1           for(j=0;j<50;j++);       //for循环,循环50次
  34   1       }
  35          //**************************************************************************************************
  36          //动态扫描函数
  37          //**************************************************************************************************
  38          scan()
  39          { 
  40   1        uchar i;
  41   1        for(i=0;i<10;i++)
  42   1         {
  43   2           //显示个位
  44   2           P1=0xbf;                 //0xbf=1011 1111,即选通个位
  45   2           LE1=1;                   //锁存位
  46   2           LE1=0;                   //断开锁存,位选573的Q7~Q0仍保持 
  47   2           wei=num*10;
  48   2           P1=dis[wei/10] | 0x80;   //dis[wei/10]为0~9的编码,0x80为小数点
  49   2           LE2=1;                   //锁存段码
  50   2           LE2=0;                   //断开锁存,段选573的Q7~Q0仍保持
  51   2           delay(100);              //延时保持一下,延时过大会闪动，延时过小会有重影    
  52   2      
  53   2           P1=0x00;LE2=1;LE2=0;     //清除P1口数据，以免造重影
  54   2           //显示十分位
  55   2           P1=0x7f;                 //0xbf=0111 1111,即选通十分位
C51 COMPILER V7.06   MAIN                                                                  07/28/2012 15:55:17 PAGE 2   

  56   2           LE1=1;                   //锁存位
  57   2           LE1=0;                   //断开锁存,位选573的Q7~Q0仍保持 
  58   2           wei=num*10;
  59   2           P1=dis[wei%10];          //0~9的编码
  60   2           LE2=1;                   //锁存段码
  61   2           LE2=0;                   //断开锁存,段选573的Q7~Q0仍保持 
  62   2           delay(100);              //延时保持一下,延时过大会闪动，延时过小会有重影  
  63   2      
  64   2           P1=0x00;LE2=1;LE2=0;     //清除P1口数据，以免造重影   
  65   2         } 
  66   1      
  67   1          if(num==9.9)num=0;        //扫描到显示9.9时，重新开始扫描
  68   1          num+=0.1;                 //num加0.1
  69   1      }
  70          //**************************************************************************************************
  71          //主函数
  72          //**************************************************************************************************
  73          void main()                   //主函数
  74          {
  75   1           num=0;                   //初始化段码为0
  76   1           while(1)                 //进入while死循环
  77   1            {
  78   2              scan();               //数码管扫描函数
  79   2            }         
  80   1      }


MODULE INFORMATION:   STATIC OVERLAYABLE
   CODE SIZE        =    227    ----
   CONSTANT SIZE    =     16    ----
   XDATA SIZE       =   ----    ----
   PDATA SIZE       =   ----    ----
   DATA SIZE        =      5       1
   IDATA SIZE       =   ----    ----
   BIT SIZE         =   ----    ----
END OF MODULE INFORMATION.


C51 COMPILATION COMPLETE.  0 WARNING(S),  0 ERROR(S)
