C51 COMPILER V9.01   MAIN                                                                  03/02/2017 15:56:19 PAGE 1   


C51 COMPILER V9.01, COMPILATION OF MODULE MAIN
OBJECT MODULE PLACED IN main.OBJ
COMPILER INVOKED BY: d:\Keil\C51\BIN\C51.EXE main.c BROWSE DEBUG OBJECTEXTEND

line level    source

   1          //公司：合肥炜煌电子有限公司
   2          //网址：www.hfwhdz.com
   3          /*===================================================================================================  
   4          工程名称：  Ex1
   5          功能描述：      控制TFT实现汉字，字符显示，和画点功能。
   6          硬件连接：  查看和修改接口定义在NBCTFT.C中,请仔细检查接口连线。
   7                ----------------------------------------
   8               |     --------TFT控制接线----------      |
   9               |                                        |
  10               |          D10~D17   接   P0             |
  11               |          RS        接   P2^5;          |
  12               |                  RW        接   P2^4;          |
  13               |                  RD        接   P2^3;          |
  14               |              CS        接   P2^2;              |
  15               |                  RES       接   P2^1;          |
  16               |                                        |
  17               |                  LE        接   P2^0;          |
  18               |                                        |
  19               |     --------电源供电接线---------      |
  20               |          GND       接   电源负极       |
  21               |          VIN       接   电源正极(5V)   |
  22               |----------------------------------------|
  23               | 如果在NBC开发板上使用，以上线不需用飞  |
  24               | 线连接，直接插接在开发板上的12864接口  |
  25                ----------------------------------------
  26          维护记录：  2012-3-14
  27          ====================================================================================================*/
  28          
  29          //******************包含头文件***************************
  30          
  31          #include<reg52.h>    //包含单片机头文件
  32          #include<nbctft.h>   //包含TFT驱动头文件
*** WARNING C235 IN LINE 55 OF NBCTFT.H: parameter 1: different types
*** WARNING C235 IN LINE 55 OF NBCTFT.H: parameter 2: different types
*** WARNING C235 IN LINE 55 OF NBCTFT.H: parameter 3: different types
*** WARNING C235 IN LINE 55 OF NBCTFT.H: parameter 4: different types
  33          #include <math.h>
  34          
  35          //******************全局变量***************************
  36          
  37          #define White          0xFFFF   //LCD color
  38          #define Black          0x0000
  39          #define Blue           0x001F
  40          #define Blue2          0x051F
  41          #define Red            0xF800
  42          #define Magenta        0xF81F
  43          #define Green          0x07E0
  44          #define Cyan           0x7FFF
  45          #define Yellow         0xFFE0
  46          
  47          unsigned int Device_code;      //TFT控制IC型号
  48          
  49          //**************声明外部函数和变量********************
  50          
  51          extern void delayms(unsigned int count);
C51 COMPILER V9.01   MAIN                                                                  03/02/2017 15:56:19 PAGE 2   

  52          
  53          //================================================================================================
  54          //      函数名称：      主函数
  55          //      实现功能：      控制TFT实现汉字，字符显示.
  56          //      参数：          无
  57          //      返回值：        无
  58          //================================================================================================
  59          main()
  60          {
  61   1             unsigned int i;
  62   1                 Device_code=0x9320;                //TFT控制IC型号
  63   1             
  64   1             TFT_Initial();                     //初始化LCD    
  65   1      
  66   1        while(1)                                //循环
  67   1            {
  68   2                // draw_circle(96,136,10,Green);      // 圆心坐标 半径
  69   2                 //5种颜色将屏分为5个区域
  70   2                 /*Show_RGB(0,240,0,64,Blue);
  71   2                 Show_RGB(0,240,64,128,Green);
  72   2                 Show_RGB(0,240,128,192,Magenta);
  73   2                 Show_RGB(0,240,192,256,Red);
  74   2                 Show_RGB(0,240,256,320,Yellow);
  75   2      
  76   2             //第1个区域显示16x16汉字
  77   2                 LCD_PutString(24,16,"北方蓝芯科技开发有限公司",White,Blue);
  78   2             LCD_PutString(24,40,"   蓝芯科技  与您同行",White,Blue);
  79   2      
  80   2                 //第2个区域显示ascii字符中的数字和符号
  81   2                 LCD_PutString(80,72,"0123456789",Black,Green);
  82   2                 LCD_PutString(16,96,")(`,./<>';:[]{}\|?-=+*&^%$",Black,Green);
  83   2      
  84   2                 //第3个区域显示ascii字符中字母
  85   2                 LCD_PutString(16,136,"abcdefghijklmnopqrstuvwxyz",Blue,Magenta);
  86   2                 LCD_PutString(16,156,"ABCDEFGHIJKLMNOPQRSTUVWXYZ",Blue,Magenta);
  87   2      
  88   2                 //第4个区域显示TFT控制器IC型号
  89   2                 LCD_PutString(16,200,"The Device IC Of TFT Is:",Black,Red);
  90   2                 LCD_PutString(96,224,"ILI",Black,Red);
  91   2                 LCD_PutChar(120, 224, 0x30+(Device_code>>12), Black, Red);
  92   2                 LCD_PutChar(128, 224, 0x30+((Device_code>>8)&0x000f), Black, Red);
  93   2                 LCD_PutChar(136, 224, 0x30+((Device_code>>4)&0x000f), Black, Red);
  94   2                 LCD_PutChar(144, 224, 0x30+(Device_code&0x000f), Black, Red);
  95   2             
  96   2                 //第5个区域打点实现画线
  97   2             for(i=312;i>264;i--){ Put_pixel(68,i,Blue);}
  98   2                 for(i=68;i<172;i++) { Put_pixel(i,264,Blue);}
  99   2             for(i=264;i<312;i++){ Put_pixel(172,i,Blue);} 
 100   2                 for(i=172;i>68;i--) { Put_pixel(i,312,Blue);}  */
 101   2       
 102   2               //  delayms(20000);  //显示一段时间
 103   2                // CLR_Screen(Red); //用背景色清屏
 104   2                }
 105   1       
 106   1        }
*** WARNING C280 IN LINE 61 OF MAIN.C: 'i': unreferenced local variable
 107          
 108          
 109          


MODULE INFORMATION:   STATIC OVERLAYABLE
C51 COMPILER V9.01   MAIN                                                                  03/02/2017 15:56:19 PAGE 3   

   CODE SIZE        =     11    ----
   CONSTANT SIZE    =   ----    ----
   XDATA SIZE       =   ----    ----
   PDATA SIZE       =   ----    ----
   DATA SIZE        =      2       2
   IDATA SIZE       =   ----    ----
   BIT SIZE         =   ----    ----
END OF MODULE INFORMATION.


C51 COMPILATION COMPLETE.  5 WARNING(S),  0 ERROR(S)
