C51 COMPILER V7.06   MAIN                                                                  10/12/2014 08:47:24 PAGE 1   


C51 COMPILER V7.06, COMPILATION OF MODULE MAIN
OBJECT MODULE PLACED IN main.OBJ
COMPILER INVOKED BY: C:\Keil\C51\BIN\C51.EXE main.c BROWSE DEBUG OBJECTEXTEND

stmt level    source

   1          /***************************************************************************************************    
   2          工程名称：      DA
   3          功能描述：      控制DA输出固定电压，用万用表测量J19_LED脚核对结果是否与设定值一致。
   4          硬件连接：  用2位杜邦线分别将J11_7与J17_SDA、J11_6与J17_SCL连接。
   5          维护记录：  2011-8-22
   6          ***************************************************************************************************/
   7          #include "reg51.h"      //包含头文件
   8          #include"intrins.h"     //_nop_();延时函数用
   9          
  10          sbit sda=P2^7;          //数据线
  11          sbit scl=P2^6;          //时钟线
  12          
  13          #define uchar unsigned char
  14          #define uint  unsigned int
  15          
  16          uchar temp[8]={0x01,0x02,0x04,0x08,0x10,0x20,0x40,0x80};
  17          
  18          uchar temp1[8];
  19          
  20          
  21          //**************************************************************************************************
  22          //延时
  23          //**************************************************************************************************
  24          delay(uint time)              //int型数据为16位,所以最大值为65535            
  25           {
  26   1        uint  i,j;                  //定义变量i,j,用于循环语句 
  27   1        for(i=0;i<time;i++)         //for循环,循环50*time次
  28   1           for(j=0;j<50;j++);       //for循环,循环50次
  29   1       }
  30          //**************************************************************************************************
  31          //启动(SCL为高，SDA由高变为低是一个开始条件)
  32          //**************************************************************************************************
  33          void start()  
  34          {       
  35   1              sda=1;    //数据线置高,
  36   1              _nop_();  //延时
  37   1              scl=1;    //时钟线置高
  38   1              _nop_();  //延时
  39   1              sda=0;    //数据线置低,由高变低
  40   1              _nop_();  //延时
  41   1              scl=0;    //时钟线置低,准备发送或接收数据,总线进入忙状态(I2C总线在空闲状态时，SDA与SCL均被置高)
  42   1              _nop_();  //延时
  43   1      }
  44          //**************************************************************************************************
  45          //停止（SCL为高，SDA由低变为高是一个结束条件）
  46          //**************************************************************************************************
  47          void stop()   
  48          {
  49   1              sda=0;                   //数据线置低
  50   1              _nop_();                 //延时
  51   1              scl=1;                   //时钟线置高
  52   1              _nop_();                 //延时
  53   1              sda=1;                   //数据线置高，由低变高
  54   1              _nop_();                 //延时
  55   1      }
C51 COMPILER V7.06   MAIN                                                                  10/12/2014 08:47:24 PAGE 2   

  56          //**************************************************************************************************
  57          //检测应答(所有的地址和数据字都是以8bit,在第9个时钟周期，从器件发出"0"信号来作为收到一个字的应答信号)
  58          //**************************************************************************************************
  59          void checkACK()                   //主器件检测从器件是否返回应答
  60          {
  61   1              scl=1;                        //时钟线置高
  62   1              _nop_();                      //延时
  63   1              while(sda==1);                //等待第9个时钟周期器件发出的响应信号"0"
  64   1              scl=0;                        //时钟线置低
  65   1              _nop_();                      //延时
  66   1      }
  67          //**************************************************************************************************
  68          //写一字节
  69          //**************************************************************************************************
  70          void send_byte(uchar date)       //写一个8位字
  71          {
  72   1              uchar i,temp;                //定义局部变量
  73   1              temp=date;                   //待发8位数据赋予temp
  74   1              for(i=0;i<8;i++)             //循环8次，每次写入1位，从最高位开始发送
  75   1              {
  76   2              if(temp&0x80)sda=1;      //如果temp最高位为1则发送1
  77   2                else sda=0;            //如果temp最高位为0则发送0
  78   2                  _nop_();                 //延时
  79   2                      scl=1;                   //给一个脉冲，发送sda当前这位数据
  80   2                      _nop_();                 //延时,需大于4us(参考数据手册时序图) 
  81   2                      _nop_();              
  82   2                      _nop_();                 
  83   2                      _nop_();                 
  84   2                      _nop_();                
  85   2                      scl=0;                   //时钟线置低,准备下一脉冲
  86   2                  _nop_();                 //延时,需大于4.7us(参考数据手册时序图) 
  87   2                      _nop_();              
  88   2                      _nop_();                 
  89   2                      _nop_();                 
  90   2                      _nop_();  
  91   2                      temp=temp<<1;            //左移1位，准备好下1位待发送的数据
  92   2              }
  93   1              checkACK();                  //查询是否返回应答信号
  94   1      }
  95          //**************************************************************************************************
  96          //DA转化函数
  97          //**************************************************************************************************
  98          DAC(uchar temp)
  99           {
 100   1         start();                 //启动总线
 101   1         send_byte(0x90);         //选择从器件地址,RW位为0，即选择写命令
 102   1         send_byte(0x40);         //寄存器设置
 103   1         send_byte(temp);         //写入数字量
 104   1         stop();                  //停止 
 105   1       }
 106          //**************************************************************************************************
 107          //主函数
 108          //**************************************************************************************************
 109          void main()
 110          {       
 111   1         uchar dat;                   //DA转换的数字量
 112   1         float volt;                  //输出电压设定值
 113   1         volt=5;                    //设定输出
 114   1         while(1)                     //死循环
 115   1          {
 116   2             dat=(int)(volt*256/4.9); //计算数字量
 117   2             DAC(dat);                //控制DA输出 
C51 COMPILER V7.06   MAIN                                                                  10/12/2014 08:47:24 PAGE 3   

 118   2             delay(200);              //延时
 119   2              }
 120   1      }


MODULE INFORMATION:   STATIC OVERLAYABLE
   CODE SIZE        =    181    ----
   CONSTANT SIZE    =   ----    ----
   XDATA SIZE       =   ----    ----
   PDATA SIZE       =   ----    ----
   DATA SIZE        =     16       4
   IDATA SIZE       =   ----    ----
   BIT SIZE         =   ----    ----
END OF MODULE INFORMATION.


C51 COMPILATION COMPLETE.  0 WARNING(S),  0 ERROR(S)
