C51 COMPILER V7.06   MAIN                                                                  10/14/2014 21:10:35 PAGE 1   


C51 COMPILER V7.06, COMPILATION OF MODULE MAIN
OBJECT MODULE PLACED IN main.OBJ
COMPILER INVOKED BY: C:\Keil\C51\BIN\C51.EXE main.c BROWSE DEBUG OBJECTEXTEND

stmt level    source

   1          /***************************************************************************************************    
   2          工程名称：      AD_1602
   3          功能描述：  AD采集0通道的模拟电压值，通过1602液晶显示电压值。
   4          硬件连接：  用8位杜邦线将J8与J12连接，2位杜邦线分别将J11_7与J17_SDA、J11_6与J17_SCL连接。
   5                      用1位跳帽短接J19的AIN0与VIN。将1602液晶接口对应插接到P3接口，注意1-16脚不要插反。
   6          维护记录：  2011-8-22
   7          ***************************************************************************************************/
   8          #include "reg51.h"          //包含头文件
   9          #define uchar unsigned char
  10          #define uint  unsigned int
  11          
  12          extern uchar Read_AD(uchar chn);
  13          extern show();
  14          extern InitLCD();
  15          
  16          uchar ge,shifen;
  17          float volt;
  18          //**************************************************************************************************
  19          //延时函数
  20          //**************************************************************************************************
  21          delay(uint time)         //int型数据为16位,所以最大值为65535            
  22           {
  23   1        uint  i,j;             //定义变量i,j,用于循环语句 
  24   1        for(i=0;i<time;i++)    //for循环,循环50*time次
  25   1           for(j=0;j<100;j++); //for循环,循环50次
  26   1       }
  27          //**************************************************************************************************
  28          //主函数
  29          //**************************************************************************************************
  30          void main()
  31          {       
  32   1         uchar temp; 
  33   1         InitLCD();
  34   1         while(1)                         //死循环
  35   1          {
  36   2             temp=Read_AD(0);             //采集0通道模拟电压值
  37   2             volt=(float)temp*4.8/256;    //计算电压值，4.8是基准电压值，float将结果强制转换为浮点型
  38   2             ge=(int)volt;                //分离得到电压值的个位
  39   2             shifen=(int)(volt*10)%10;    //分离得到电压值的十分位
  40   2             show();
  41   2             delay(2000);                 //延时
  42   2              }
  43   1      }


MODULE INFORMATION:   STATIC OVERLAYABLE
   CODE SIZE        =    124    ----
   CONSTANT SIZE    =   ----    ----
   XDATA SIZE       =   ----    ----
   PDATA SIZE       =   ----    ----
   DATA SIZE        =      6       1
   IDATA SIZE       =   ----    ----
   BIT SIZE         =   ----    ----
END OF MODULE INFORMATION.


C51 COMPILATION COMPLETE.  0 WARNING(S),  0 ERROR(S)
